TN:
SF:dist/entity/address.js
FN:15,validate
FN:29,toString
FN:4,Address
FNF:3
FNH:3
FNDA:6,validate
FNDA:1,toString
FNDA:6,Address
DA:1,1
DA:2,1
DA:3,1
DA:4,1
DA:5,6
DA:6,6
DA:7,6
DA:8,6
DA:9,6
DA:10,6
DA:11,6
DA:12,6
DA:13,6
DA:14,6
DA:15,1
DA:16,6
DA:17,1
DA:18,1
DA:19,6
DA:20,1
DA:21,1
DA:22,6
DA:23,1
DA:24,1
DA:25,6
DA:26,1
DA:27,1
DA:28,6
DA:29,1
DA:30,1
DA:31,1
DA:32,1
DA:33,1
LF:33
LH:33
BRDA:15,0,0,6
BRDA:16,1,0,1
BRDA:19,2,0,5
BRDA:19,3,0,1
BRDA:22,4,0,4
BRDA:22,5,0,1
BRDA:25,6,0,3
BRDA:25,7,0,1
BRDA:29,8,0,1
BRDA:4,9,0,6
BRF:10
BRH:10
end_of_record
TN:
SF:dist/entity/customer.js
FN:12,get id
FN:15,get name
FN:18,get rewardPoints
FN:21,validate
FN:29,changeName
FN:33,get Address
FN:36,changeAddress
FN:39,isActive
FN:42,activate
FN:48,deactivate
FN:51,addRewardPoints
FN:54,set Address
FN:4,Customer
FNF:13
FNH:8
FNDA:0,get id
FNDA:1,get name
FNDA:0,get rewardPoints
FNDA:7,validate
FNDA:1,changeName
FNDA:0,get Address
FNDA:0,changeAddress
FNDA:2,isActive
FNDA:2,activate
FNDA:1,deactivate
FNDA:0,addRewardPoints
FNDA:1,set Address
FNDA:6,Customer
DA:1,1
DA:2,1
DA:3,1
DA:4,1
DA:5,6
DA:6,6
DA:7,6
DA:8,6
DA:9,6
DA:10,6
DA:11,6
DA:12,1
DA:13,0
DA:14,0
DA:15,1
DA:16,1
DA:17,1
DA:18,1
DA:19,0
DA:20,0
DA:21,1
DA:22,7
DA:23,1
DA:24,1
DA:25,7
DA:26,1
DA:27,1
DA:28,7
DA:29,1
DA:30,1
DA:31,1
DA:32,1
DA:33,1
DA:34,0
DA:35,0
DA:36,1
DA:37,0
DA:38,0
DA:39,1
DA:40,2
DA:41,2
DA:42,1
DA:43,2
DA:44,1
DA:45,1
DA:46,1
DA:47,1
DA:48,1
DA:49,1
DA:50,1
DA:51,1
DA:52,0
DA:53,0
DA:54,1
DA:55,1
DA:56,1
DA:57,1
DA:58,1
LF:58
LH:48
BRDA:15,0,0,1
BRDA:21,1,0,7
BRDA:22,2,0,1
BRDA:25,3,0,6
BRDA:25,4,0,1
BRDA:29,5,0,1
BRDA:39,6,0,2
BRDA:42,7,0,2
BRDA:43,8,0,1
BRDA:48,9,0,1
BRDA:54,10,0,1
BRDA:4,11,0,6
BRF:12
BRH:12
end_of_record
TN:
SF:dist/entity/order.js
FN:11,total
FN:14,validate
FN:4,Order
FNF:3
FNH:3
FNDA:7,total
FNDA:5,validate
FNDA:5,Order
DA:1,1
DA:2,1
DA:3,1
DA:4,1
DA:5,5
DA:6,5
DA:7,5
DA:8,5
DA:9,5
DA:10,5
DA:11,1
DA:12,7
DA:13,7
DA:14,1
DA:15,5
DA:16,1
DA:17,1
DA:18,5
DA:19,1
DA:20,1
DA:21,5
DA:22,1
DA:23,1
DA:24,2
DA:25,2
DA:26,1
DA:27,1
LF:27
LH:27
BRDA:11,0,0,7
BRDA:12,1,0,8
BRDA:14,2,0,5
BRDA:15,3,0,1
BRDA:18,4,0,4
BRDA:18,5,0,1
BRDA:21,6,0,3
BRDA:21,7,0,1
BRDA:24,8,0,2
BRDA:4,9,0,5
BRF:10
BRH:10
end_of_record
TN:
SF:dist/entity/order_item.js
FN:12,orderItemTotal
FN:15,get price
FN:18,validate
FN:4,OrderItem
FNF:4
FNH:4
FNDA:8,orderItemTotal
FNDA:1,get price
FNDA:10,validate
FNDA:10,OrderItem
DA:1,1
DA:2,1
DA:3,1
DA:4,1
DA:5,10
DA:6,10
DA:7,10
DA:8,10
DA:9,10
DA:10,10
DA:11,10
DA:12,1
DA:13,8
DA:14,8
DA:15,1
DA:16,1
DA:17,1
DA:18,1
DA:19,10
DA:20,1
DA:21,1
DA:22,10
DA:23,1
DA:24,1
DA:25,10
DA:26,1
DA:27,1
DA:28,10
DA:29,1
DA:30,1
DA:31,6
DA:32,6
DA:33,1
DA:34,1
LF:34
LH:34
BRDA:12,0,0,8
BRDA:15,1,0,1
BRDA:18,2,0,10
BRDA:19,3,0,1
BRDA:22,4,0,9
BRDA:22,5,0,1
BRDA:25,6,0,8
BRDA:25,7,0,7
BRDA:25,8,0,1
BRDA:28,9,0,1
BRDA:31,10,0,6
BRDA:4,11,0,10
BRF:12
BRH:12
end_of_record
TN:
SF:dist/entity/product.js
FN:10,validate
FN:22,get name
FN:25,get price
FN:28,changeName
FN:32,changePrice
FN:4,Product
FNF:6
FNH:6
FNDA:6,validate
FNDA:1,get name
FNDA:1,get price
FNDA:1,changeName
FNDA:1,changePrice
FNDA:5,Product
DA:1,1
DA:2,1
DA:3,1
DA:4,1
DA:5,5
DA:6,5
DA:7,5
DA:8,5
DA:9,5
DA:10,1
DA:11,6
DA:12,1
DA:13,1
DA:14,6
DA:15,1
DA:16,1
DA:17,6
DA:18,1
DA:19,1
DA:20,3
DA:21,3
DA:22,1
DA:23,1
DA:24,1
DA:25,1
DA:26,1
DA:27,1
DA:28,1
DA:29,1
DA:30,1
DA:31,1
DA:32,1
DA:33,1
DA:34,1
DA:35,1
DA:36,1
LF:36
LH:36
BRDA:10,0,0,6
BRDA:11,1,0,1
BRDA:14,2,0,5
BRDA:14,3,0,1
BRDA:17,4,0,4
BRDA:17,5,0,1
BRDA:20,6,0,3
BRDA:22,7,0,1
BRDA:25,8,0,1
BRDA:28,9,0,1
BRDA:32,10,0,1
BRDA:4,11,0,5
BRF:12
BRH:12
end_of_record
TN:
SF:src/domain/entity/address.ts
FN:1,get
FN:16,get street
FN:20,get number
FN:24,get zip
FN:28,get city
FN:32,validate
FN:49,toString
FN:7,Address
FNF:8
FNH:8
FNDA:17,get
FNDA:8,get street
FNDA:8,get number
FNDA:8,get zip
FNDA:8,get city
FNDA:17,validate
FNDA:1,toString
FNDA:17,Address
DA:1,1
DA:2,1
DA:3,1
DA:4,1
DA:5,1
DA:6,1
DA:7,1
DA:8,17
DA:9,17
DA:10,17
DA:11,17
DA:12,17
DA:13,17
DA:14,17
DA:15,1
DA:16,1
DA:17,8
DA:18,8
DA:19,1
DA:20,1
DA:21,8
DA:22,8
DA:23,1
DA:24,1
DA:25,8
DA:26,8
DA:27,1
DA:28,1
DA:29,8
DA:30,8
DA:31,1
DA:32,1
DA:33,17
DA:34,1
DA:35,1
DA:36,17
DA:37,1
DA:38,1
DA:39,15
DA:40,17
DA:41,1
DA:42,1
DA:43,14
DA:44,17
DA:45,1
DA:46,1
DA:47,17
DA:48,1
DA:49,1
DA:50,1
DA:51,1
DA:52,1
LF:52
LH:52
BRDA:1,0,0,17
BRDA:16,1,0,8
BRDA:20,2,0,8
BRDA:24,3,0,8
BRDA:28,4,0,8
BRDA:32,5,0,17
BRDA:33,6,0,1
BRDA:36,7,0,16
BRDA:36,8,0,1
BRDA:39,9,0,15
BRDA:40,10,0,1
BRDA:43,11,0,14
BRDA:44,12,0,1
BRDA:49,13,0,1
BRDA:7,14,0,17
BRF:15
BRH:15
end_of_record
TN:
SF:src/domain/entity/customer.ts
FN:4,get
FN:17,get id
FN:21,get name
FN:25,get rewardPoints
FN:29,validate
FN:38,changeName
FN:43,get Address
FN:47,changeAddress
FN:51,isActive
FN:55,activate
FN:62,deactivate
FN:66,addRewardPoints
FN:70,set Address
FN:11,Customer
FNF:14
FNH:14
FNDA:18,get
FNDA:10,get id
FNDA:9,get name
FNDA:12,get rewardPoints
FNDA:20,validate
FNDA:2,changeName
FNDA:32,get Address
FNDA:6,changeAddress
FNDA:10,isActive
FNDA:2,activate
FNDA:1,deactivate
FNDA:5,addRewardPoints
FNDA:6,set Address
FNDA:18,Customer
DA:1,1
DA:2,1
DA:3,1
DA:4,1
DA:5,1
DA:6,1
DA:7,1
DA:8,1
DA:9,1
DA:10,1
DA:11,1
DA:12,18
DA:13,18
DA:14,18
DA:15,18
DA:16,1
DA:17,1
DA:18,10
DA:19,10
DA:20,1
DA:21,1
DA:22,9
DA:23,9
DA:24,1
DA:25,1
DA:26,12
DA:27,12
DA:28,1
DA:29,1
DA:30,20
DA:31,1
DA:32,1
DA:33,20
DA:34,1
DA:35,1
DA:36,20
DA:37,1
DA:38,1
DA:39,2
DA:40,2
DA:41,2
DA:42,1
DA:43,1
DA:44,32
DA:45,32
DA:46,1
DA:47,1
DA:48,6
DA:49,6
DA:50,1
DA:51,1
DA:52,10
DA:53,10
DA:54,1
DA:55,1
DA:56,2
DA:57,1
DA:58,1
DA:59,1
DA:60,1
DA:61,1
DA:62,1
DA:63,1
DA:64,1
DA:65,1
DA:66,1
DA:67,5
DA:68,5
DA:69,1
DA:70,1
DA:71,6
DA:72,6
DA:73,1
LF:73
LH:73
BRDA:4,0,0,18
BRDA:17,1,0,10
BRDA:21,2,0,9
BRDA:25,3,0,12
BRDA:29,4,0,20
BRDA:30,5,0,1
BRDA:33,6,0,19
BRDA:33,7,0,1
BRDA:38,8,0,2
BRDA:43,9,0,32
BRDA:47,10,0,6
BRDA:51,11,0,10
BRDA:55,12,0,2
BRDA:56,13,0,1
BRDA:62,14,0,1
BRDA:66,15,0,5
BRDA:70,16,0,6
BRDA:11,17,0,18
BRF:18
BRH:18
end_of_record
TN:
SF:src/domain/entity/order.ts
FN:3,get
FN:17,get items
FN:21,get id
FN:25,get customerId
FN:29,total
FN:33,validate
FN:9,Order
FNF:7
FNH:7
FNDA:11,get
FNDA:2,get items
FNDA:4,get id
FNDA:2,get customerId
FNDA:20,total
FNDA:11,validate
FNDA:11,Order
DA:1,1
DA:2,1
DA:3,1
DA:4,1
DA:5,1
DA:6,1
DA:7,1
DA:8,1
DA:9,1
DA:10,11
DA:11,11
DA:12,11
DA:13,11
DA:14,11
DA:15,11
DA:16,1
DA:17,1
DA:18,2
DA:19,2
DA:20,1
DA:21,1
DA:22,4
DA:23,4
DA:24,1
DA:25,1
DA:26,2
DA:27,2
DA:28,1
DA:29,1
DA:30,20
DA:31,20
DA:32,1
DA:33,1
DA:34,11
DA:35,1
DA:36,1
DA:37,11
DA:38,1
DA:39,1
DA:40,9
DA:41,11
DA:42,1
DA:43,1
DA:44,8
DA:45,8
DA:46,8
DA:47,1
DA:48,1
LF:48
LH:48
BRDA:3,0,0,11
BRDA:17,1,0,2
BRDA:21,2,0,4
BRDA:25,3,0,2
BRDA:29,4,0,20
BRDA:30,5,0,21
BRDA:33,6,0,11
BRDA:34,7,0,1
BRDA:37,8,0,10
BRDA:37,9,0,1
BRDA:40,10,0,9
BRDA:41,11,0,1
BRDA:44,12,0,8
BRDA:9,13,0,11
BRF:14
BRH:14
end_of_record
TN:
SF:src/domain/entity/order_item.ts
FN:1,get
FN:17,get id
FN:21,get productId
FN:25,get name
FN:29,get quantity
FN:33,orderItemTotal
FN:37,get price
FN:41,validate
FN:8,OrderItem
FNF:9
FNH:9
FNDA:16,get
FNDA:3,get id
FNDA:2,get productId
FNDA:3,get name
FNDA:3,get quantity
FNDA:21,orderItemTotal
FNDA:4,get price
FNDA:16,validate
FNDA:16,OrderItem
DA:1,1
DA:2,1
DA:3,1
DA:4,1
DA:5,1
DA:6,1
DA:7,1
DA:8,1
DA:9,16
DA:10,16
DA:11,16
DA:12,16
DA:13,16
DA:14,16
DA:15,16
DA:16,1
DA:17,1
DA:18,3
DA:19,3
DA:20,1
DA:21,1
DA:22,2
DA:23,2
DA:24,1
DA:25,1
DA:26,3
DA:27,3
DA:28,1
DA:29,1
DA:30,3
DA:31,3
DA:32,1
DA:33,1
DA:34,21
DA:35,21
DA:36,1
DA:37,1
DA:38,4
DA:39,4
DA:40,1
DA:41,1
DA:42,16
DA:43,1
DA:44,1
DA:45,15
DA:46,16
DA:47,1
DA:48,1
DA:49,14
DA:50,16
DA:51,1
DA:52,1
DA:53,13
DA:54,16
DA:55,1
DA:56,1
DA:57,12
DA:58,12
DA:59,12
DA:60,1
LF:60
LH:60
BRDA:1,0,0,16
BRDA:17,1,0,3
BRDA:21,2,0,2
BRDA:25,3,0,3
BRDA:29,4,0,3
BRDA:33,5,0,21
BRDA:37,6,0,4
BRDA:41,7,0,16
BRDA:42,8,0,1
BRDA:45,9,0,15
BRDA:46,10,0,1
BRDA:49,11,0,14
BRDA:50,12,0,13
BRDA:50,13,0,1
BRDA:54,14,0,1
BRDA:57,15,0,12
BRDA:8,16,0,16
BRF:17
BRH:17
end_of_record
TN:
SF:src/domain/entity/product.ts
FN:1,get
FN:13,validate
FN:29,get id
FN:33,get name
FN:37,get price
FN:41,changeName
FN:46,changePrice
FN:6,Product
FNF:8
FNH:8
FNDA:16,get
FNDA:18,validate
FNDA:10,get id
FNDA:11,get name
FNDA:17,get price
FNDA:2,changeName
FNDA:4,changePrice
FNDA:16,Product
DA:1,1
DA:2,1
DA:3,1
DA:4,1
DA:5,1
DA:6,1
DA:7,16
DA:8,16
DA:9,16
DA:10,16
DA:11,16
DA:12,1
DA:13,1
DA:14,18
DA:15,1
DA:16,1
DA:17,17
DA:18,18
DA:19,1
DA:20,1
DA:21,16
DA:22,18
DA:23,1
DA:24,1
DA:25,15
DA:26,15
DA:27,15
DA:28,1
DA:29,1
DA:30,10
DA:31,10
DA:32,1
DA:33,1
DA:34,11
DA:35,11
DA:36,1
DA:37,1
DA:38,17
DA:39,17
DA:40,1
DA:41,1
DA:42,2
DA:43,2
DA:44,2
DA:45,1
DA:46,1
DA:47,4
DA:48,4
DA:49,1
LF:49
LH:49
BRDA:1,0,0,16
BRDA:13,1,0,18
BRDA:14,2,0,1
BRDA:17,3,0,17
BRDA:18,4,0,1
BRDA:21,5,0,16
BRDA:22,6,0,1
BRDA:25,7,0,15
BRDA:29,8,0,10
BRDA:33,9,0,11
BRDA:37,10,0,17
BRDA:41,11,0,2
BRDA:46,12,0,4
BRDA:6,13,0,16
BRF:14
BRH:14
end_of_record
TN:
SF:src/domain/service/order.service.ts
FN:6,get
FN:9,total
FN:13,placeOrder
FN:7,OrderService
FNF:4
FNH:3
FNDA:2,get
FNDA:1,total
FNDA:1,placeOrder
FNDA:0,OrderService
DA:1,1
DA:2,1
DA:3,1
DA:4,1
DA:5,1
DA:6,1
DA:7,1
DA:8,1
DA:9,1
DA:10,1
DA:11,1
DA:12,1
DA:13,1
DA:14,1
DA:15,0
DA:16,0
DA:17,1
DA:18,1
DA:19,1
DA:20,1
DA:21,1
DA:22,1
DA:23,1
DA:24,1
LF:24
LH:22
BRDA:6,0,0,2
BRDA:9,1,0,1
BRDA:10,2,0,2
BRDA:13,3,0,1
BRDA:14,4,0,0
BRF:5
BRH:4
end_of_record
TN:
SF:src/domain/service/product.service.ts
FN:3,get
FN:4,increasePrice
FNF:2
FNH:2
FNDA:1,get
FNDA:1,increasePrice
DA:1,1
DA:2,1
DA:3,1
DA:4,1
DA:5,1
DA:6,2
DA:7,2
DA:8,2
DA:9,1
DA:10,1
DA:11,1
DA:12,1
LF:12
LH:12
BRDA:3,0,0,1
BRDA:4,1,0,1
BRDA:5,2,0,2
BRF:3
BRH:3
end_of_record
TN:
SF:src/infrastructure/db/sequelize/model/customer.model.ts
FN:8,get
FNF:1
FNH:1
FNDA:31,get
DA:1,1
DA:2,1
DA:3,1
DA:4,1
DA:5,1
DA:6,1
DA:7,1
DA:8,1
DA:9,1
DA:10,1
DA:11,1
DA:12,1
DA:13,1
DA:14,1
DA:15,1
DA:16,1
DA:17,1
DA:18,1
DA:19,1
DA:20,1
DA:21,1
DA:22,1
DA:23,1
DA:24,1
DA:25,1
DA:26,1
DA:27,1
DA:28,1
DA:29,1
DA:30,1
DA:31,1
DA:32,1
DA:33,1
LF:33
LH:33
BRDA:8,0,0,31
BRF:1
BRH:1
end_of_record
TN:
SF:src/infrastructure/db/sequelize/model/order-item.model.ts
FN:9,get
FNF:1
FNH:1
FNDA:10,get
DA:1,1
DA:2,1
DA:3,1
DA:4,1
DA:5,1
DA:6,1
DA:7,1
DA:8,1
DA:9,1
DA:10,1
DA:11,1
DA:12,1
DA:13,1
DA:14,1
DA:15,1
DA:16,1
DA:17,1
DA:18,1
DA:19,1
DA:20,1
DA:21,1
DA:22,1
DA:23,1
DA:24,1
DA:25,1
DA:26,1
DA:27,1
DA:28,1
DA:29,1
DA:30,1
DA:31,1
DA:32,1
DA:33,1
DA:34,1
DA:35,1
DA:36,1
LF:36
LH:36
BRDA:19,0,0,0
BRDA:26,1,0,0
BRDA:9,2,0,10
BRDA:14,3,0,10
BRDA:18,4,0,4
BRDA:21,5,0,4
BRDA:25,6,0,4
BRF:7
BRH:5
end_of_record
TN:
SF:src/infrastructure/db/sequelize/model/order.model.ts
FN:9,get
FNF:1
FNH:1
FNDA:14,get
DA:1,1
DA:2,1
DA:3,1
DA:4,1
DA:5,1
DA:6,1
DA:7,1
DA:8,1
DA:9,1
DA:10,1
DA:11,1
DA:12,1
DA:13,1
DA:14,1
DA:15,1
DA:16,1
DA:17,1
DA:18,1
DA:19,1
DA:20,1
DA:21,1
DA:22,1
DA:23,1
DA:24,1
DA:25,1
DA:26,1
LF:26
LH:26
BRDA:19,0,0,0
BRDA:9,1,0,14
BRDA:14,2,0,2
BRDA:18,3,0,6
BRDA:21,4,0,6
BRF:5
BRH:4
end_of_record
TN:
SF:src/infrastructure/db/sequelize/model/product.model.ts
FN:8,get
FNF:1
FNH:1
FNDA:38,get
DA:1,1
DA:2,1
DA:3,1
DA:4,1
DA:5,1
DA:6,1
DA:7,1
DA:8,1
DA:9,1
DA:10,1
DA:11,1
DA:12,1
DA:13,1
DA:14,1
DA:15,1
DA:16,1
DA:17,1
DA:18,1
LF:18
LH:18
BRDA:8,0,0,38
BRF:1
BRH:1
end_of_record
TN:
SF:src/infrastructure/repository/customer.repository.ts
FN:6,get
FN:7,find
FN:29,update
FN:45,findAll
FN:67,create
FNF:5
FNH:5
FNDA:7,get
FNDA:2,find
FNDA:1,update
FNDA:1,findAll
FNDA:7,create
DA:1,1
DA:2,1
DA:3,1
DA:4,1
DA:5,1
DA:6,1
DA:7,1
DA:8,2
DA:9,2
DA:10,2
DA:11,2
DA:12,2
DA:13,1
DA:14,1
DA:15,1
DA:16,1
DA:17,1
DA:18,1
DA:19,1
DA:20,1
DA:21,1
DA:22,1
DA:23,1
DA:24,1
DA:25,1
DA:26,1
DA:27,1
DA:28,1
DA:29,1
DA:30,1
DA:31,1
DA:32,1
DA:33,1
DA:34,1
DA:35,1
DA:36,1
DA:37,1
DA:38,1
DA:39,1
DA:40,1
DA:41,1
DA:42,1
DA:43,1
DA:44,1
DA:45,1
DA:46,1
DA:47,1
DA:48,1
DA:49,2
DA:50,2
DA:51,2
DA:52,2
DA:53,2
DA:54,2
DA:55,2
DA:56,2
DA:57,2
DA:58,2
DA:59,0
DA:60,0
DA:61,2
DA:62,2
DA:63,1
DA:64,1
DA:65,1
DA:66,1
DA:67,1
DA:68,7
DA:69,7
DA:70,7
DA:71,7
DA:72,7
DA:73,7
DA:74,7
DA:75,7
DA:76,7
DA:77,7
DA:78,7
DA:79,1
LF:79
LH:77
BRDA:6,0,0,7
BRDA:7,1,0,2
BRDA:12,2,0,1
BRDA:29,3,0,1
BRDA:45,4,0,1
BRDA:48,5,0,2
BRDA:58,6,0,0
BRDA:67,7,0,7
BRF:8
BRH:7
end_of_record
TN:
SF:src/infrastructure/repository/order.repository.ts
FN:7,get
FN:9,update
FN:13,find
FN:32,findAll
FN:36,create
FNF:5
FNH:3
FNDA:2,get
FNDA:0,update
FNDA:1,find
FNDA:0,findAll
FNDA:2,create
DA:1,1
DA:2,1
DA:3,1
DA:4,1
DA:5,1
DA:6,1
DA:7,1
DA:8,1
DA:9,1
DA:10,0
DA:11,0
DA:12,1
DA:13,1
DA:14,1
DA:15,1
DA:16,1
DA:17,1
DA:18,1
DA:19,1
DA:20,1
DA:21,1
DA:22,1
DA:23,1
DA:24,1
DA:25,1
DA:26,1
DA:27,1
DA:28,1
DA:29,1
DA:30,1
DA:31,1
DA:32,1
DA:33,0
DA:34,0
DA:35,1
DA:36,1
DA:37,2
DA:38,2
DA:39,2
DA:40,2
DA:41,2
DA:42,2
DA:43,2
DA:44,2
DA:45,2
DA:46,2
DA:47,2
DA:48,2
DA:49,2
DA:50,2
DA:51,2
DA:52,2
DA:53,2
DA:54,2
DA:55,1
LF:55
LH:51
BRDA:7,0,0,2
BRDA:13,1,0,1
BRDA:21,2,0,1
BRDA:36,3,0,2
BRDA:42,4,0,2
BRF:5
BRH:5
end_of_record
TN:
SF:src/infrastructure/repository/product.repository.ts
FN:5,get
FN:7,find
FN:12,update
FN:23,findAll
FN:33,create
FNF:5
FNH:5
FNDA:6,get
FNDA:1,find
FNDA:1,update
FNDA:1,findAll
FNDA:7,create
DA:1,1
DA:2,1
DA:3,1
DA:4,1
DA:5,1
DA:6,1
DA:7,1
DA:8,1
DA:9,1
DA:10,1
DA:11,1
DA:12,1
DA:13,1
DA:14,1
DA:15,1
DA:16,1
DA:17,1
DA:18,1
DA:19,1
DA:20,1
DA:21,1
DA:22,1
DA:23,1
DA:24,1
DA:25,1
DA:26,2
DA:27,2
DA:28,1
DA:29,1
DA:30,1
DA:31,1
DA:32,1
DA:33,1
DA:34,7
DA:35,7
DA:36,7
DA:37,7
DA:38,7
DA:39,7
DA:40,1
DA:41,1
LF:41
LH:41
BRDA:5,0,0,6
BRDA:7,1,0,1
BRDA:12,2,0,1
BRDA:23,3,0,1
BRDA:25,4,0,2
BRDA:33,5,0,7
BRF:6
BRH:6
end_of_record
